{"C:\\Users\\Calvin\\Documents\\GitHub\\cps847_A2\\index.js": {"path":"C:\\Users\\Calvin\\Documents\\GitHub\\cps847_A2\\index.js","statementMap":{"0":{"start":{"line":1,"column":16},"end":{"line":1,"column":34}},"1":{"start":{"line":2,"column":12},"end":{"line":2,"column":21}},"2":{"start":{"line":3,"column":13},"end":{"line":3,"column":17}},"3":{"start":{"line":4,"column":11},"end":{"line":4,"column":24}},"4":{"start":{"line":7,"column":0},"end":{"line":11,"column":2}},"5":{"start":{"line":8,"column":2},"end":{"line":8,"column":42}},"6":{"start":{"line":18,"column":2},"end":{"line":18,"column":15}},"7":{"start":{"line":20,"column":0},"end":{"line":20,"column":21}}},"fnMap":{"0":{"name":"(anonymous_0)","decl":{"start":{"line":7,"column":13},"end":{"line":7,"column":14}},"loc":{"start":{"line":7,"column":32},"end":{"line":11,"column":1}},"line":7},"1":{"name":"sum","decl":{"start":{"line":17,"column":9},"end":{"line":17,"column":12}},"loc":{"start":{"line":17,"column":19},"end":{"line":19,"column":1}},"line":17}},"branchMap":{},"s":{"0":1,"1":1,"2":1,"3":1,"4":1,"5":0,"6":1,"7":1},"f":{"0":0,"1":1},"b":{},"_coverageSchema":"1a1c01bbd47fc00a2c39e90264f33305004495a9","hash":"d9d39854362fb0c491a9663147fa841faabe2839"}
}
